This is pdfTeX, Version 3.1415926-2.5-1.40.14 (TeX Live 2013/Debian) (format=pdflatex 2016.5.17)  29 JUN 2017 16:49
entering extended mode
 \write18 enabled.
 %&-line parsing enabled.
**notes.tex
(./notes.tex
LaTeX2e <2011/06/27>
Babel <3.9h> and hyphenation patterns for 78 languages loaded.
(/usr/share/texlive/texmf-dist/tex/latex/base/article.cls
Document Class: article 2007/10/19 v1.4h Standard LaTeX document class
(/usr/share/texlive/texmf-dist/tex/latex/base/size11.clo
File: size11.clo 2007/10/19 v1.4h Standard LaTeX file (size option)
)
\c@part=\count79
\c@section=\count80
\c@subsection=\count81
\c@subsubsection=\count82
\c@paragraph=\count83
\c@subparagraph=\count84
\c@figure=\count85
\c@table=\count86
\abovecaptionskip=\skip41
\belowcaptionskip=\skip42
\bibindent=\dimen102
)
(/usr/share/texlive/texmf-dist/tex/generic/babel/babel.sty
Package: babel 2013/12/03 3.9h The Babel package

(/usr/share/texlive/texmf-dist/tex/generic/babel-english/english.ldf
Language: english 2012/08/20 v3.3p English support from the babel system

(/usr/share/texlive/texmf-dist/tex/generic/babel/babel.def
File: babel.def 2013/12/03 3.9h Babel common definitions
\babel@savecnt=\count87
\U@D=\dimen103
)
\l@canadian = a dialect from \language\l@american 
\l@australian = a dialect from \language\l@british 
\l@newzealand = a dialect from \language\l@british 
))
(/usr/share/texlive/texmf-dist/tex/latex/base/inputenc.sty
Package: inputenc 2008/03/30 v1.1d Input encoding file
\inpenc@prehook=\toks14
\inpenc@posthook=\toks15

(/usr/share/texlive/texmf-dist/tex/latex/base/utf8.def
File: utf8.def 2008/04/05 v1.1m UTF-8 support for inputenc
Now handling font encoding OML ...
... no UTF-8 mapping file for font encoding OML
Now handling font encoding T1 ...
... processing UTF-8 mapping file for font encoding T1

(/usr/share/texlive/texmf-dist/tex/latex/base/t1enc.dfu
File: t1enc.dfu 2008/04/05 v1.1m UTF-8 support for inputenc
   defining Unicode char U+00A1 (decimal 161)
   defining Unicode char U+00A3 (decimal 163)
   defining Unicode char U+00AB (decimal 171)
   defining Unicode char U+00BB (decimal 187)
   defining Unicode char U+00BF (decimal 191)
   defining Unicode char U+00C0 (decimal 192)
   defining Unicode char U+00C1 (decimal 193)
   defining Unicode char U+00C2 (decimal 194)
   defining Unicode char U+00C3 (decimal 195)
   defining Unicode char U+00C4 (decimal 196)
   defining Unicode char U+00C5 (decimal 197)
   defining Unicode char U+00C6 (decimal 198)
   defining Unicode char U+00C7 (decimal 199)
   defining Unicode char U+00C8 (decimal 200)
   defining Unicode char U+00C9 (decimal 201)
   defining Unicode char U+00CA (decimal 202)
   defining Unicode char U+00CB (decimal 203)
   defining Unicode char U+00CC (decimal 204)
   defining Unicode char U+00CD (decimal 205)
   defining Unicode char U+00CE (decimal 206)
   defining Unicode char U+00CF (decimal 207)
   defining Unicode char U+00D0 (decimal 208)
   defining Unicode char U+00D1 (decimal 209)
   defining Unicode char U+00D2 (decimal 210)
   defining Unicode char U+00D3 (decimal 211)
   defining Unicode char U+00D4 (decimal 212)
   defining Unicode char U+00D5 (decimal 213)
   defining Unicode char U+00D6 (decimal 214)
   defining Unicode char U+00D8 (decimal 216)
   defining Unicode char U+00D9 (decimal 217)
   defining Unicode char U+00DA (decimal 218)
   defining Unicode char U+00DB (decimal 219)
   defining Unicode char U+00DC (decimal 220)
   defining Unicode char U+00DD (decimal 221)
   defining Unicode char U+00DE (decimal 222)
   defining Unicode char U+00DF (decimal 223)
   defining Unicode char U+00E0 (decimal 224)
   defining Unicode char U+00E1 (decimal 225)
   defining Unicode char U+00E2 (decimal 226)
   defining Unicode char U+00E3 (decimal 227)
   defining Unicode char U+00E4 (decimal 228)
   defining Unicode char U+00E5 (decimal 229)
   defining Unicode char U+00E6 (decimal 230)
   defining Unicode char U+00E7 (decimal 231)
   defining Unicode char U+00E8 (decimal 232)
   defining Unicode char U+00E9 (decimal 233)
   defining Unicode char U+00EA (decimal 234)
   defining Unicode char U+00EB (decimal 235)
   defining Unicode char U+00EC (decimal 236)
   defining Unicode char U+00ED (decimal 237)
   defining Unicode char U+00EE (decimal 238)
   defining Unicode char U+00EF (decimal 239)
   defining Unicode char U+00F0 (decimal 240)
   defining Unicode char U+00F1 (decimal 241)
   defining Unicode char U+00F2 (decimal 242)
   defining Unicode char U+00F3 (decimal 243)
   defining Unicode char U+00F4 (decimal 244)
   defining Unicode char U+00F5 (decimal 245)
   defining Unicode char U+00F6 (decimal 246)
   defining Unicode char U+00F8 (decimal 248)
   defining Unicode char U+00F9 (decimal 249)
   defining Unicode char U+00FA (decimal 250)
   defining Unicode char U+00FB (decimal 251)
   defining Unicode char U+00FC (decimal 252)
   defining Unicode char U+00FD (decimal 253)
   defining Unicode char U+00FE (decimal 254)
   defining Unicode char U+00FF (decimal 255)
   defining Unicode char U+0102 (decimal 258)
   defining Unicode char U+0103 (decimal 259)
   defining Unicode char U+0104 (decimal 260)
   defining Unicode char U+0105 (decimal 261)
   defining Unicode char U+0106 (decimal 262)
   defining Unicode char U+0107 (decimal 263)
   defining Unicode char U+010C (decimal 268)
   defining Unicode char U+010D (decimal 269)
   defining Unicode char U+010E (decimal 270)
   defining Unicode char U+010F (decimal 271)
   defining Unicode char U+0110 (decimal 272)
   defining Unicode char U+0111 (decimal 273)
   defining Unicode char U+0118 (decimal 280)
   defining Unicode char U+0119 (decimal 281)
   defining Unicode char U+011A (decimal 282)
   defining Unicode char U+011B (decimal 283)
   defining Unicode char U+011E (decimal 286)
   defining Unicode char U+011F (decimal 287)
   defining Unicode char U+0130 (decimal 304)
   defining Unicode char U+0131 (decimal 305)
   defining Unicode char U+0132 (decimal 306)
   defining Unicode char U+0133 (decimal 307)
   defining Unicode char U+0139 (decimal 313)
   defining Unicode char U+013A (decimal 314)
   defining Unicode char U+013D (decimal 317)
   defining Unicode char U+013E (decimal 318)
   defining Unicode char U+0141 (decimal 321)
   defining Unicode char U+0142 (decimal 322)
   defining Unicode char U+0143 (decimal 323)
   defining Unicode char U+0144 (decimal 324)
   defining Unicode char U+0147 (decimal 327)
   defining Unicode char U+0148 (decimal 328)
   defining Unicode char U+014A (decimal 330)
   defining Unicode char U+014B (decimal 331)
   defining Unicode char U+0150 (decimal 336)
   defining Unicode char U+0151 (decimal 337)
   defining Unicode char U+0152 (decimal 338)
   defining Unicode char U+0153 (decimal 339)
   defining Unicode char U+0154 (decimal 340)
   defining Unicode char U+0155 (decimal 341)
   defining Unicode char U+0158 (decimal 344)
   defining Unicode char U+0159 (decimal 345)
   defining Unicode char U+015A (decimal 346)
   defining Unicode char U+015B (decimal 347)
   defining Unicode char U+015E (decimal 350)
   defining Unicode char U+015F (decimal 351)
   defining Unicode char U+0160 (decimal 352)
   defining Unicode char U+0161 (decimal 353)
   defining Unicode char U+0162 (decimal 354)
   defining Unicode char U+0163 (decimal 355)
   defining Unicode char U+0164 (decimal 356)
   defining Unicode char U+0165 (decimal 357)
   defining Unicode char U+016E (decimal 366)
   defining Unicode char U+016F (decimal 367)
   defining Unicode char U+0170 (decimal 368)
   defining Unicode char U+0171 (decimal 369)
   defining Unicode char U+0178 (decimal 376)
   defining Unicode char U+0179 (decimal 377)
   defining Unicode char U+017A (decimal 378)
   defining Unicode char U+017B (decimal 379)
   defining Unicode char U+017C (decimal 380)
   defining Unicode char U+017D (decimal 381)
   defining Unicode char U+017E (decimal 382)
   defining Unicode char U+200C (decimal 8204)
   defining Unicode char U+2013 (decimal 8211)
   defining Unicode char U+2014 (decimal 8212)
   defining Unicode char U+2018 (decimal 8216)
   defining Unicode char U+2019 (decimal 8217)
   defining Unicode char U+201A (decimal 8218)
   defining Unicode char U+201C (decimal 8220)
   defining Unicode char U+201D (decimal 8221)
   defining Unicode char U+201E (decimal 8222)
   defining Unicode char U+2030 (decimal 8240)
   defining Unicode char U+2031 (decimal 8241)
   defining Unicode char U+2039 (decimal 8249)
   defining Unicode char U+203A (decimal 8250)
   defining Unicode char U+2423 (decimal 9251)
)
Now handling font encoding OT1 ...
... processing UTF-8 mapping file for font encoding OT1

(/usr/share/texlive/texmf-dist/tex/latex/base/ot1enc.dfu
File: ot1enc.dfu 2008/04/05 v1.1m UTF-8 support for inputenc
   defining Unicode char U+00A1 (decimal 161)
   defining Unicode char U+00A3 (decimal 163)
   defining Unicode char U+00B8 (decimal 184)
   defining Unicode char U+00BF (decimal 191)
   defining Unicode char U+00C5 (decimal 197)
   defining Unicode char U+00C6 (decimal 198)
   defining Unicode char U+00D8 (decimal 216)
   defining Unicode char U+00DF (decimal 223)
   defining Unicode char U+00E6 (decimal 230)
   defining Unicode char U+00EC (decimal 236)
   defining Unicode char U+00ED (decimal 237)
   defining Unicode char U+00EE (decimal 238)
   defining Unicode char U+00EF (decimal 239)
   defining Unicode char U+00F8 (decimal 248)
   defining Unicode char U+0131 (decimal 305)
   defining Unicode char U+0141 (decimal 321)
   defining Unicode char U+0142 (decimal 322)
   defining Unicode char U+0152 (decimal 338)
   defining Unicode char U+0153 (decimal 339)
   defining Unicode char U+2013 (decimal 8211)
   defining Unicode char U+2014 (decimal 8212)
   defining Unicode char U+2018 (decimal 8216)
   defining Unicode char U+2019 (decimal 8217)
   defining Unicode char U+201C (decimal 8220)
   defining Unicode char U+201D (decimal 8221)
)
Now handling font encoding OMS ...
... processing UTF-8 mapping file for font encoding OMS

(/usr/share/texlive/texmf-dist/tex/latex/base/omsenc.dfu
File: omsenc.dfu 2008/04/05 v1.1m UTF-8 support for inputenc
   defining Unicode char U+00A7 (decimal 167)
   defining Unicode char U+00B6 (decimal 182)
   defining Unicode char U+00B7 (decimal 183)
   defining Unicode char U+2020 (decimal 8224)
   defining Unicode char U+2021 (decimal 8225)
   defining Unicode char U+2022 (decimal 8226)
)
Now handling font encoding OMX ...
... no UTF-8 mapping file for font encoding OMX
Now handling font encoding U ...
... no UTF-8 mapping file for font encoding U
   defining Unicode char U+00A9 (decimal 169)
   defining Unicode char U+00AA (decimal 170)
   defining Unicode char U+00AE (decimal 174)
   defining Unicode char U+00BA (decimal 186)
   defining Unicode char U+02C6 (decimal 710)
   defining Unicode char U+02DC (decimal 732)
   defining Unicode char U+200C (decimal 8204)
   defining Unicode char U+2026 (decimal 8230)
   defining Unicode char U+2122 (decimal 8482)
   defining Unicode char U+2423 (decimal 9251)
))
(/usr/share/texlive/texmf-dist/tex/latex/psnfss/courier.sty
Package: courier 2005/04/12 PSNFSS-v9.2a (WaS) 
)
(/usr/share/texlive/texmf-dist/tex/latex/microtype/microtype.sty
Package: microtype 2013/05/23 v2.5a Micro-typographical refinements (RS)

(/usr/share/texlive/texmf-dist/tex/latex/graphics/keyval.sty
Package: keyval 1999/03/16 v1.13 key=value parser (DPC)
\KV@toks@=\toks16
)
\MT@toks=\toks17
\MT@count=\count88
LaTeX Info: Redefining \textls on input line 766.
\MT@outer@kern=\dimen104
LaTeX Info: Redefining \textmicrotypecontext on input line 1285.
\MT@listname@count=\count89

(/usr/share/texlive/texmf-dist/tex/latex/microtype/microtype-pdftex.def
File: microtype-pdftex.def 2013/05/23 v2.5a Definitions specific to pdftex (RS)

LaTeX Info: Redefining \lsstyle on input line 915.
LaTeX Info: Redefining \lslig on input line 915.
\MT@outer@space=\skip43
)
Package microtype Info: Loading configuration file microtype.cfg.

(/usr/share/texlive/texmf-dist/tex/latex/microtype/microtype.cfg
File: microtype.cfg 2013/05/23 v2.5a microtype main configuration file (RS)
))
(/usr/share/texlive/texmf-dist/tex/latex/float/float.sty
Package: float 2001/11/08 v1.3d Float enhancements (AL)
\c@float@type=\count90
\float@exts=\toks18
\float@box=\box26
\@float@everytoks=\toks19
\@floatcapt=\box27
)
(/usr/share/texlive/texmf-dist/tex/latex/placeins/placeins.sty
Package: placeins 2005/04/18  v 2.2
)
(/usr/share/texlive/texmf-dist/tex/latex/fancyhdr/fancyhdr.sty
\fancy@headwidth=\skip44
\f@ncyO@elh=\skip45
\f@ncyO@erh=\skip46
\f@ncyO@olh=\skip47
\f@ncyO@orh=\skip48
\f@ncyO@elf=\skip49
\f@ncyO@erf=\skip50
\f@ncyO@olf=\skip51
\f@ncyO@orf=\skip52
)
(/usr/share/texlive/texmf-dist/tex/latex/lastpage/lastpage.sty
Package: lastpage 2013/01/28 v1.2l Refers to last page's name (HMM; JPG)
)
(/usr/share/texlive/texmf-dist/tex/latex/fancyhdr/extramarks.sty
\@temptokenb=\toks20
)
(/usr/share/texlive/texmf-dist/tex/latex/parskip/parskip.sty
Package: parskip 2001/04/09 non-zero parskip adjustments
)
(/usr/share/texlive/texmf-dist/tex/latex/geometry/geometry.sty
Package: geometry 2010/09/12 v5.6 Page Geometry

(/usr/share/texlive/texmf-dist/tex/generic/oberdiek/ifpdf.sty
Package: ifpdf 2011/01/30 v2.3 Provides the ifpdf switch (HO)
Package ifpdf Info: pdfTeX in PDF mode is detected.
)
(/usr/share/texlive/texmf-dist/tex/generic/oberdiek/ifvtex.sty
Package: ifvtex 2010/03/01 v1.5 Detect VTeX and its facilities (HO)
Package ifvtex Info: VTeX not detected.
)
(/usr/share/texlive/texmf-dist/tex/generic/ifxetex/ifxetex.sty
Package: ifxetex 2010/09/12 v0.6 Provides ifxetex conditional
)
\Gm@cnth=\count91
\Gm@cntv=\count92
\c@Gm@tempcnt=\count93
\Gm@bindingoffset=\dimen105
\Gm@wd@mp=\dimen106
\Gm@odd@mp=\dimen107
\Gm@even@mp=\dimen108
\Gm@layoutwidth=\dimen109
\Gm@layoutheight=\dimen110
\Gm@layouthoffset=\dimen111
\Gm@layoutvoffset=\dimen112
\Gm@dimlist=\toks21
)
(/usr/share/texlive/texmf-dist/tex/latex/amsmath/amsmath.sty
Package: amsmath 2013/01/14 v2.14 AMS math features
\@mathmargin=\skip53

For additional information on amsmath, use the `?' option.
(/usr/share/texlive/texmf-dist/tex/latex/amsmath/amstext.sty
Package: amstext 2000/06/29 v2.01

(/usr/share/texlive/texmf-dist/tex/latex/amsmath/amsgen.sty
File: amsgen.sty 1999/11/30 v2.0
\@emptytoks=\toks22
\ex@=\dimen113
))
(/usr/share/texlive/texmf-dist/tex/latex/amsmath/amsbsy.sty
Package: amsbsy 1999/11/29 v1.2d
\pmbraise@=\dimen114
)
(/usr/share/texlive/texmf-dist/tex/latex/amsmath/amsopn.sty
Package: amsopn 1999/12/14 v2.01 operator names
)
\inf@bad=\count94
LaTeX Info: Redefining \frac on input line 210.
\uproot@=\count95
\leftroot@=\count96
LaTeX Info: Redefining \overline on input line 306.
\classnum@=\count97
\DOTSCASE@=\count98
LaTeX Info: Redefining \ldots on input line 378.
LaTeX Info: Redefining \dots on input line 381.
LaTeX Info: Redefining \cdots on input line 466.
\Mathstrutbox@=\box28
\strutbox@=\box29
\big@size=\dimen115
LaTeX Font Info:    Redeclaring font encoding OML on input line 566.
LaTeX Font Info:    Redeclaring font encoding OMS on input line 567.
\macc@depth=\count99
\c@MaxMatrixCols=\count100
\dotsspace@=\muskip10
\c@parentequation=\count101
\dspbrk@lvl=\count102
\tag@help=\toks23
\row@=\count103
\column@=\count104
\maxfields@=\count105
\andhelp@=\toks24
\eqnshift@=\dimen116
\alignsep@=\dimen117
\tagshift@=\dimen118
\tagwidth@=\dimen119
\totwidth@=\dimen120
\lineht@=\dimen121
\@envbody=\toks25
\multlinegap=\skip54
\multlinetaggap=\skip55
\mathdisplay@stack=\toks26
LaTeX Info: Redefining \[ on input line 2665.
LaTeX Info: Redefining \] on input line 2666.
)
(/usr/share/texlive/texmf-dist/tex/latex/amscls/amsthm.sty
Package: amsthm 2004/08/06 v2.20
\thm@style=\toks27
\thm@bodyfont=\toks28
\thm@headfont=\toks29
\thm@notefont=\toks30
\thm@headpunct=\toks31
\thm@preskip=\skip56
\thm@postskip=\skip57
\thm@headsep=\skip58
\dth@everypar=\toks32
)
(/usr/share/texlive/texmf-dist/tex/latex/amsfonts/amssymb.sty
Package: amssymb 2013/01/14 v3.01 AMS font symbols

(/usr/share/texlive/texmf-dist/tex/latex/amsfonts/amsfonts.sty
Package: amsfonts 2013/01/14 v3.01 Basic AMSFonts support
\symAMSa=\mathgroup4
\symAMSb=\mathgroup5
LaTeX Font Info:    Overwriting math alphabet `\mathfrak' in version `bold'
(Font)                  U/euf/m/n --> U/euf/b/n on input line 106.
))
(/usr/share/texlive/texmf-dist/tex/latex/amsmath/amscd.sty
Package: amscd 1999/11/29 v2.0
\athelp@=\toks33
\minaw@=\dimen122
\bigaw@=\dimen123
\minCDarrowwidth=\dimen124
)
(/usr/share/texlive/texmf-dist/tex/latex/tikz-cd/tikz-cd.sty
Package: tikz-cd 2012/12/30 v0.3c Commutative diagrams with tikz.

(/usr/share/texmf/tex/latex/pgf/frontendlayer/tikz.sty
(/usr/share/texmf/tex/latex/pgf/basiclayer/pgf.sty
(/usr/share/texmf/tex/latex/pgf/utilities/pgfrcs.sty
(/usr/share/texmf/tex/generic/pgf/utilities/pgfutil-common.tex
\pgfutil@everybye=\toks34
)
(/usr/share/texmf/tex/generic/pgf/utilities/pgfutil-latex.def
\pgfutil@abb=\box30

(/usr/share/texlive/texmf-dist/tex/latex/ms/everyshi.sty
Package: everyshi 2001/05/15 v3.00 EveryShipout Package (MS)
))
(/usr/share/texmf/tex/generic/pgf/utilities/pgfrcs.code.tex
Package: pgfrcs 2010/10/25 v2.10 (rcs-revision 1.24)
))
Package: pgf 2008/01/15 v2.10 (rcs-revision 1.12)

(/usr/share/texmf/tex/latex/pgf/basiclayer/pgfcore.sty
(/usr/share/texlive/texmf-dist/tex/latex/graphics/graphicx.sty
Package: graphicx 1999/02/16 v1.0f Enhanced LaTeX Graphics (DPC,SPQR)

(/usr/share/texlive/texmf-dist/tex/latex/graphics/graphics.sty
Package: graphics 2009/02/05 v1.0o Standard LaTeX Graphics (DPC,SPQR)

(/usr/share/texlive/texmf-dist/tex/latex/graphics/trig.sty
Package: trig 1999/03/16 v1.09 sin cos tan (DPC)
)
(/usr/share/texlive/texmf-dist/tex/latex/latexconfig/graphics.cfg
File: graphics.cfg 2010/04/23 v1.9 graphics configuration of TeX Live
)
Package graphics Info: Driver file: pdftex.def on input line 91.

(/usr/share/texlive/texmf-dist/tex/latex/pdftex-def/pdftex.def
File: pdftex.def 2011/05/27 v0.06d Graphics/color for pdfTeX

(/usr/share/texlive/texmf-dist/tex/generic/oberdiek/infwarerr.sty
Package: infwarerr 2010/04/08 v1.3 Providing info/warning/error messages (HO)
)
(/usr/share/texlive/texmf-dist/tex/generic/oberdiek/ltxcmds.sty
Package: ltxcmds 2011/11/09 v1.22 LaTeX kernel commands for general use (HO)
)
\Gread@gobject=\count106
))
\Gin@req@height=\dimen125
\Gin@req@width=\dimen126
)
(/usr/share/texmf/tex/latex/pgf/systemlayer/pgfsys.sty
(/usr/share/texmf/tex/generic/pgf/systemlayer/pgfsys.code.tex
Package: pgfsys 2010/06/30 v2.10 (rcs-revision 1.37)

(/usr/share/texmf/tex/generic/pgf/utilities/pgfkeys.code.tex
\pgfkeys@pathtoks=\toks35
\pgfkeys@temptoks=\toks36

(/usr/share/texmf/tex/generic/pgf/utilities/pgfkeysfiltered.code.tex
\pgfkeys@tmptoks=\toks37
))
\pgf@x=\dimen127
\pgf@y=\dimen128
\pgf@xa=\dimen129
\pgf@ya=\dimen130
\pgf@xb=\dimen131
\pgf@yb=\dimen132
\pgf@xc=\dimen133
\pgf@yc=\dimen134
\w@pgf@writea=\write3
\r@pgf@reada=\read1
\c@pgf@counta=\count107
\c@pgf@countb=\count108
\c@pgf@countc=\count109
\c@pgf@countd=\count110

(/usr/share/texmf/tex/generic/pgf/systemlayer/pgf.cfg
File: pgf.cfg 2008/05/14  (rcs-revision 1.7)
)
Package pgfsys Info: Driver file for pgf: pgfsys-pdftex.def on input line 900.

(/usr/share/texmf/tex/generic/pgf/systemlayer/pgfsys-pdftex.def
File: pgfsys-pdftex.def 2009/05/22  (rcs-revision 1.26)

(/usr/share/texmf/tex/generic/pgf/systemlayer/pgfsys-common-pdf.def
File: pgfsys-common-pdf.def 2008/05/19  (rcs-revision 1.10)
)))
(/usr/share/texmf/tex/generic/pgf/systemlayer/pgfsyssoftpath.code.tex
File: pgfsyssoftpath.code.tex 2008/07/18  (rcs-revision 1.7)
\pgfsyssoftpath@smallbuffer@items=\count111
\pgfsyssoftpath@bigbuffer@items=\count112
)
(/usr/share/texmf/tex/generic/pgf/systemlayer/pgfsysprotocol.code.tex
File: pgfsysprotocol.code.tex 2006/10/16  (rcs-revision 1.4)
))
(/usr/share/texmf/tex/latex/xcolor/xcolor.sty
Package: xcolor 2007/01/21 v2.11 LaTeX color extensions (UK)

(/usr/share/texlive/texmf-dist/tex/latex/latexconfig/color.cfg
File: color.cfg 2007/01/18 v1.5 color configuration of teTeX/TeXLive
)
Package xcolor Info: Driver file: pdftex.def on input line 225.
Package xcolor Info: Model `cmy' substituted by `cmy0' on input line 1337.
Package xcolor Info: Model `hsb' substituted by `rgb' on input line 1341.
Package xcolor Info: Model `RGB' extended on input line 1353.
Package xcolor Info: Model `HTML' substituted by `rgb' on input line 1355.
Package xcolor Info: Model `Hsb' substituted by `hsb' on input line 1356.
Package xcolor Info: Model `tHsb' substituted by `hsb' on input line 1357.
Package xcolor Info: Model `HSB' substituted by `hsb' on input line 1358.
Package xcolor Info: Model `Gray' substituted by `gray' on input line 1359.
Package xcolor Info: Model `wave' substituted by `hsb' on input line 1360.
)
(/usr/share/texmf/tex/generic/pgf/basiclayer/pgfcore.code.tex
Package: pgfcore 2010/04/11 v2.10 (rcs-revision 1.7)

(/usr/share/texmf/tex/generic/pgf/math/pgfmath.code.tex
(/usr/share/texmf/tex/generic/pgf/math/pgfmathcalc.code.tex
(/usr/share/texmf/tex/generic/pgf/math/pgfmathutil.code.tex)
(/usr/share/texmf/tex/generic/pgf/math/pgfmathparser.code.tex
\pgfmath@dimen=\dimen135
\pgfmath@count=\count113
\pgfmath@box=\box31
\pgfmath@toks=\toks38
\pgfmath@stack@operand=\toks39
\pgfmath@stack@operation=\toks40
)
(/usr/share/texmf/tex/generic/pgf/math/pgfmathfunctions.code.tex
(/usr/share/texmf/tex/generic/pgf/math/pgfmathfunctions.basic.code.tex)
(/usr/share/texmf/tex/generic/pgf/math/pgfmathfunctions.trigonometric.code.tex)
(/usr/share/texmf/tex/generic/pgf/math/pgfmathfunctions.random.code.tex)
(/usr/share/texmf/tex/generic/pgf/math/pgfmathfunctions.comparison.code.tex)
(/usr/share/texmf/tex/generic/pgf/math/pgfmathfunctions.base.code.tex)
(/usr/share/texmf/tex/generic/pgf/math/pgfmathfunctions.round.code.tex)
(/usr/share/texmf/tex/generic/pgf/math/pgfmathfunctions.misc.code.tex)))
(/usr/share/texmf/tex/generic/pgf/math/pgfmathfloat.code.tex
\c@pgfmathroundto@lastzeros=\count114
))
(/usr/share/texmf/tex/generic/pgf/basiclayer/pgfcorepoints.code.tex
File: pgfcorepoints.code.tex 2010/04/09  (rcs-revision 1.20)
\pgf@picminx=\dimen136
\pgf@picmaxx=\dimen137
\pgf@picminy=\dimen138
\pgf@picmaxy=\dimen139
\pgf@pathminx=\dimen140
\pgf@pathmaxx=\dimen141
\pgf@pathminy=\dimen142
\pgf@pathmaxy=\dimen143
\pgf@xx=\dimen144
\pgf@xy=\dimen145
\pgf@yx=\dimen146
\pgf@yy=\dimen147
\pgf@zx=\dimen148
\pgf@zy=\dimen149
)
(/usr/share/texmf/tex/generic/pgf/basiclayer/pgfcorepathconstruct.code.tex
File: pgfcorepathconstruct.code.tex 2010/08/03  (rcs-revision 1.24)
\pgf@path@lastx=\dimen150
\pgf@path@lasty=\dimen151
)
(/usr/share/texmf/tex/generic/pgf/basiclayer/pgfcorepathusage.code.tex
File: pgfcorepathusage.code.tex 2008/04/22  (rcs-revision 1.12)
\pgf@shorten@end@additional=\dimen152
\pgf@shorten@start@additional=\dimen153
)
(/usr/share/texmf/tex/generic/pgf/basiclayer/pgfcorescopes.code.tex
File: pgfcorescopes.code.tex 2010/09/08  (rcs-revision 1.34)
\pgfpic=\box32
\pgf@hbox=\box33
\pgf@layerbox@main=\box34
\pgf@picture@serial@count=\count115
)
(/usr/share/texmf/tex/generic/pgf/basiclayer/pgfcoregraphicstate.code.tex
File: pgfcoregraphicstate.code.tex 2008/04/22  (rcs-revision 1.9)
\pgflinewidth=\dimen154
)
(/usr/share/texmf/tex/generic/pgf/basiclayer/pgfcoretransformations.code.tex
File: pgfcoretransformations.code.tex 2009/06/10  (rcs-revision 1.11)
\pgf@pt@x=\dimen155
\pgf@pt@y=\dimen156
\pgf@pt@temp=\dimen157
)
(/usr/share/texmf/tex/generic/pgf/basiclayer/pgfcorequick.code.tex
File: pgfcorequick.code.tex 2008/10/09  (rcs-revision 1.3)
)
(/usr/share/texmf/tex/generic/pgf/basiclayer/pgfcoreobjects.code.tex
File: pgfcoreobjects.code.tex 2006/10/11  (rcs-revision 1.2)
)
(/usr/share/texmf/tex/generic/pgf/basiclayer/pgfcorepathprocessing.code.tex
File: pgfcorepathprocessing.code.tex 2008/10/09  (rcs-revision 1.8)
)
(/usr/share/texmf/tex/generic/pgf/basiclayer/pgfcorearrows.code.tex
File: pgfcorearrows.code.tex 2008/04/23  (rcs-revision 1.11)
)
(/usr/share/texmf/tex/generic/pgf/basiclayer/pgfcoreshade.code.tex
File: pgfcoreshade.code.tex 2008/11/23  (rcs-revision 1.13)
\pgf@max=\dimen158
\pgf@sys@shading@range@num=\count116
)
(/usr/share/texmf/tex/generic/pgf/basiclayer/pgfcoreimage.code.tex
File: pgfcoreimage.code.tex 2010/03/25  (rcs-revision 1.16)

(/usr/share/texmf/tex/generic/pgf/basiclayer/pgfcoreexternal.code.tex
File: pgfcoreexternal.code.tex 2010/09/01  (rcs-revision 1.17)
\pgfexternal@startupbox=\box35
))
(/usr/share/texmf/tex/generic/pgf/basiclayer/pgfcorelayers.code.tex
File: pgfcorelayers.code.tex 2010/08/27  (rcs-revision 1.2)
)
(/usr/share/texmf/tex/generic/pgf/basiclayer/pgfcoretransparency.code.tex
File: pgfcoretransparency.code.tex 2008/01/17  (rcs-revision 1.2)
)
(/usr/share/texmf/tex/generic/pgf/basiclayer/pgfcorepatterns.code.tex
File: pgfcorepatterns.code.tex 2009/07/02  (rcs-revision 1.3)
)))
(/usr/share/texmf/tex/generic/pgf/modules/pgfmoduleshapes.code.tex
File: pgfmoduleshapes.code.tex 2010/09/09  (rcs-revision 1.13)
\pgfnodeparttextbox=\box36
)
(/usr/share/texmf/tex/generic/pgf/modules/pgfmoduleplot.code.tex
File: pgfmoduleplot.code.tex 2010/10/22  (rcs-revision 1.8)
)
(/usr/share/texmf/tex/latex/pgf/compatibility/pgfcomp-version-0-65.sty
Package: pgfcomp-version-0-65 2007/07/03 v2.10 (rcs-revision 1.7)
\pgf@nodesepstart=\dimen159
\pgf@nodesepend=\dimen160
)
(/usr/share/texmf/tex/latex/pgf/compatibility/pgfcomp-version-1-18.sty
Package: pgfcomp-version-1-18 2007/07/23 v2.10 (rcs-revision 1.1)
))
(/usr/share/texmf/tex/latex/pgf/utilities/pgffor.sty
(/usr/share/texmf/tex/latex/pgf/utilities/pgfkeys.sty
(/usr/share/texmf/tex/generic/pgf/utilities/pgfkeys.code.tex))
(/usr/share/texmf/tex/generic/pgf/utilities/pgffor.code.tex
Package: pgffor 2010/03/23 v2.10 (rcs-revision 1.18)
\pgffor@iter=\dimen161
\pgffor@skip=\dimen162
\pgffor@stack=\toks41
\pgffor@toks=\toks42
))
(/usr/share/texmf/tex/generic/pgf/frontendlayer/tikz/tikz.code.tex
Package: tikz 2010/10/13 v2.10 (rcs-revision 1.76)

(/usr/share/texmf/tex/generic/pgf/libraries/pgflibraryplothandlers.code.tex
File: pgflibraryplothandlers.code.tex 2010/05/31 v2.10 (rcs-revision 1.15)
\pgf@plot@mark@count=\count117
\pgfplotmarksize=\dimen163
)
\tikz@lastx=\dimen164
\tikz@lasty=\dimen165
\tikz@lastxsaved=\dimen166
\tikz@lastysaved=\dimen167
\tikzleveldistance=\dimen168
\tikzsiblingdistance=\dimen169
\tikz@figbox=\box37
\tikz@tempbox=\box38
\tikztreelevel=\count118
\tikznumberofchildren=\count119
\tikznumberofcurrentchild=\count120
\tikz@fig@count=\count121

(/usr/share/texmf/tex/generic/pgf/modules/pgfmodulematrix.code.tex
File: pgfmodulematrix.code.tex 2010/08/24  (rcs-revision 1.4)
\pgfmatrixcurrentrow=\count122
\pgfmatrixcurrentcolumn=\count123
\pgf@matrix@numberofcolumns=\count124
)
\tikz@expandcount=\count125

(/usr/share/texmf/tex/generic/pgf/frontendlayer/tikz/libraries/tikzlibrarytopat
hs.code.tex
File: tikzlibrarytopaths.code.tex 2008/06/17 v2.10 (rcs-revision 1.2)
)))
(/usr/share/texmf/tex/generic/pgf/frontendlayer/tikz/libraries/tikzlibrarymatri
x.code.tex
File: tikzlibrarymatrix.code.tex 2008/06/18 v2.10 (rcs-revision 1.2)
))
\c@example=\count126
\c@exercise=\count127
 (./title2.sty
Package: title2 2016

(/usr/share/texlive/texmf-dist/tex/latex/background/background.sty
Package: background 2012/08/06 v2.0 background material

(/usr/share/texlive/texmf-dist/tex/latex/xkeyval/xkeyval.sty
Package: xkeyval 2012/10/14 v2.6b package option processing (HA)

(/usr/share/texlive/texmf-dist/tex/generic/xkeyval/xkeyval.tex
\XKV@toks=\toks43
\XKV@tempa@toks=\toks44
\XKV@depth=\count128
File: xkeyval.tex 2012/10/14 v2.6b key=value parser (HA)
))
(/usr/share/texlive/texmf-dist/tex/latex/everypage/everypage.sty
Package: everypage 2007/06/20 1.1 Hooks to run on every page
)
(/usr/share/texlive/texmf-dist/tex/latex/tools/afterpage.sty
Package: afterpage 1995/10/27 v1.08 After-Page Package (DPC)
\AP@output=\toks45
\AP@partial=\box39
\AP@footins=\box40
))
(/usr/share/texlive/texmf-dist/tex/latex/changepage/changepage.sty
Package: changepage 2009/10/20 v1.0c check page and change page layout
\c@cp@cntr=\count129
\cp@tempcnt=\count130
)
(/usr/share/texlive/texmf-dist/tex/latex/base/ifthen.sty
Package: ifthen 2001/05/26 v1.1c Standard LaTeX ifthen package (DPC)
))
(/usr/share/texlive/texmf-dist/tex/latex/mdframed/mdframed.sty
Package: mdframed 2013/07/01 1.9b: mdframed

(/usr/share/texlive/texmf-dist/tex/latex/oberdiek/kvoptions.sty
Package: kvoptions 2011/06/30 v3.11 Key value format for package options (HO)

(/usr/share/texlive/texmf-dist/tex/generic/oberdiek/kvsetkeys.sty
Package: kvsetkeys 2012/04/25 v1.16 Key value parser (HO)

(/usr/share/texlive/texmf-dist/tex/generic/oberdiek/etexcmds.sty
Package: etexcmds 2011/02/16 v1.5 Avoid name clashes with e-TeX commands (HO)

(/usr/share/texlive/texmf-dist/tex/generic/oberdiek/ifluatex.sty
Package: ifluatex 2010/03/01 v1.3 Provides the ifluatex switch (HO)
Package ifluatex Info: LuaTeX not detected.
)
Package etexcmds Info: Could not find \expanded.
(etexcmds)             That can mean that you are not using pdfTeX 1.50 or
(etexcmds)             that some package has redefined \expanded.
(etexcmds)             In the latter case, load this package earlier.
)))
(/usr/share/texlive/texmf-dist/tex/latex/l3packages/xparse/xparse.sty
(/usr/share/texlive/texmf-dist/tex/latex/l3kernel/expl3.sty
(/usr/share/texlive/texmf-dist/tex/latex/l3kernel/l3names.sty
(/usr/share/texlive/texmf-dist/tex/latex/l3kernel/l3bootstrap.sty
Package: l3bootstrap 2014/01/04 v4640 L3 Experimental bootstrap code
)
Package: l3names 2014/01/04 v4640 L3 Namespace for primitives
)
(/usr/share/texlive/texmf-dist/tex/latex/etex-pkg/etex.sty
Package: etex 1998/03/26 v2.0 eTeX basic definition package (PEB)
\et@xins=\count131
)
Package: expl3 2014/01/07 v4646 L3 Experimental code bundle wrapper

(/usr/share/texlive/texmf-dist/tex/latex/l3kernel/l3basics.sty
Package: l3basics 2014/01/04 v4642 L3 Basic definitions
)
(/usr/share/texlive/texmf-dist/tex/latex/l3kernel/l3expan.sty
Package: l3expan 2014/01/04 v4642 L3 Argument expansion
)
(/usr/share/texlive/texmf-dist/tex/latex/l3kernel/l3tl.sty
Package: l3tl 2013/12/27 v4625 L3 Token lists
)
(/usr/share/texlive/texmf-dist/tex/latex/l3kernel/l3seq.sty
Package: l3seq 2013/12/14 v4623 L3 Sequences and stacks
)
(/usr/share/texlive/texmf-dist/tex/latex/l3kernel/l3int.sty
Package: l3int 2013/08/02 v4583 L3 Integers
\c_max_int=\count132
\l_tmpa_int=\count133
\l_tmpb_int=\count134
\g_tmpa_int=\count135
\g_tmpb_int=\count136
)
(/usr/share/texlive/texmf-dist/tex/latex/l3kernel/l3quark.sty
Package: l3quark 2013/12/14 v4623 L3 Quarks
)
(/usr/share/texlive/texmf-dist/tex/latex/l3kernel/l3prg.sty
Package: l3prg 2014/01/04 v4642 L3 Control structures
\g__prg_map_int=\count137
)
(/usr/share/texlive/texmf-dist/tex/latex/l3kernel/l3clist.sty
Package: l3clist 2013/07/28 v4581 L3 Comma separated lists
)
(/usr/share/texlive/texmf-dist/tex/latex/l3kernel/l3token.sty
Package: l3token 2013/08/25 v4587 L3 Experimental token manipulation
)
(/usr/share/texlive/texmf-dist/tex/latex/l3kernel/l3prop.sty
Package: l3prop 2013/12/14 v4623 L3 Property lists
)
(/usr/share/texlive/texmf-dist/tex/latex/l3kernel/l3msg.sty
Package: l3msg 2013/07/28 v4581 L3 Messages
)
(/usr/share/texlive/texmf-dist/tex/latex/l3kernel/l3file.sty
Package: l3file 2013/10/13 v4596 L3 File and I/O operations
\l_iow_line_count_int=\count138
\l__iow_target_count_int=\count139
\l__iow_current_line_int=\count140
\l__iow_current_word_int=\count141
\l__iow_current_indentation_int=\count142
)
(/usr/share/texlive/texmf-dist/tex/latex/l3kernel/l3skip.sty
Package: l3skip 2013/07/28 v4581 L3 Dimensions and skips
\c_zero_dim=\dimen170
\c_max_dim=\dimen171
\l_tmpa_dim=\dimen172
\l_tmpb_dim=\dimen173
\g_tmpa_dim=\dimen174
\g_tmpb_dim=\dimen175
\c_zero_skip=\skip59
\c_max_skip=\skip60
\l_tmpa_skip=\skip61
\l_tmpb_skip=\skip62
\g_tmpa_skip=\skip63
\g_tmpb_skip=\skip64
\c_zero_muskip=\muskip11
\c_max_muskip=\muskip12
\l_tmpa_muskip=\muskip13
\l_tmpb_muskip=\muskip14
\g_tmpa_muskip=\muskip15
\g_tmpb_muskip=\muskip16
)
(/usr/share/texlive/texmf-dist/tex/latex/l3kernel/l3keys.sty
Package: l3keys 2013/12/08 v4614 L3 Experimental key-value interfaces
\g__keyval_level_int=\count143
\l_keys_choice_int=\count144
)
(/usr/share/texlive/texmf-dist/tex/latex/l3kernel/l3fp.sty
Package: l3fp 2014/01/04 v4642 L3 Floating points
\c__fp_leading_shift_int=\count145
\c__fp_middle_shift_int=\count146
\c__fp_trailing_shift_int=\count147
\c__fp_big_leading_shift_int=\count148
\c__fp_big_middle_shift_int=\count149
\c__fp_big_trailing_shift_int=\count150
\c__fp_Bigg_leading_shift_int=\count151
\c__fp_Bigg_middle_shift_int=\count152
\c__fp_Bigg_trailing_shift_int=\count153
)
(/usr/share/texlive/texmf-dist/tex/latex/l3kernel/l3box.sty
Package: l3box 2013/07/28 v4581 L3 Experimental boxes
\c_empty_box=\box41
\l_tmpa_box=\box42
\l_tmpb_box=\box43
\g_tmpa_box=\box44
\g_tmpb_box=\box45
)
(/usr/share/texlive/texmf-dist/tex/latex/l3kernel/l3coffins.sty
Package: l3coffins 2013/12/14 v4624 L3 Coffin code layer
\l__coffin_internal_box=\box46
\l__coffin_internal_dim=\dimen176
\l__coffin_offset_x_dim=\dimen177
\l__coffin_offset_y_dim=\dimen178
\l__coffin_x_dim=\dimen179
\l__coffin_y_dim=\dimen180
\l__coffin_x_prime_dim=\dimen181
\l__coffin_y_prime_dim=\dimen182
\c_empty_coffin=\box47
\l__coffin_aligned_coffin=\box48
\l__coffin_aligned_internal_coffin=\box49
\l_tmpa_coffin=\box50
\l_tmpb_coffin=\box51
\l__coffin_display_coffin=\box52
\l__coffin_display_coord_coffin=\box53
\l__coffin_display_pole_coffin=\box54
\l__coffin_display_offset_dim=\dimen183
\l__coffin_display_x_dim=\dimen184
\l__coffin_display_y_dim=\dimen185
)
(/usr/share/texlive/texmf-dist/tex/latex/l3kernel/l3color.sty
Package: l3color 2012/08/29 v4156 L3 Experimental color support
)
(/usr/share/texlive/texmf-dist/tex/latex/l3kernel/l3luatex.sty
Package: l3luatex 2013/07/28 v4581 L3 Experimental LuaTeX-specific functions
\g__cctab_allocate_int=\count154
\g__cctab_stack_int=\count155
)
(/usr/share/texlive/texmf-dist/tex/latex/l3kernel/l3candidates.sty
Package: l3candidates 2014/01/06 v4643 L3 Experimental additions to l3kernel
\l__box_top_dim=\dimen186
\l__box_bottom_dim=\dimen187
\l__box_left_dim=\dimen188
\l__box_right_dim=\dimen189
\l__box_top_new_dim=\dimen190
\l__box_bottom_new_dim=\dimen191
\l__box_left_new_dim=\dimen192
\l__box_right_new_dim=\dimen193
\l__box_internal_box=\box55
\l__coffin_bounding_shift_dim=\dimen194
\l__coffin_left_corner_dim=\dimen195
\l__coffin_right_corner_dim=\dimen196
\l__coffin_bottom_corner_dim=\dimen197
\l__coffin_top_corner_dim=\dimen198
\l__coffin_scaled_total_height_dim=\dimen199
\l__coffin_scaled_width_dim=\dimen200
))
Package: xparse 2013/12/31 v4634 L3 Experimental document command parser
\l__xparse_current_arg_int=\count156
\l__xparse_m_args_int=\count157
\l__xparse_mandatory_args_int=\count158
\l__xparse_processor_int=\count159
\l__xparse_v_nesting_int=\count160
)
(/usr/share/texlive/texmf-dist/tex/latex/etoolbox/etoolbox.sty
Package: etoolbox 2011/01/03 v2.1 e-TeX tools for LaTeX
\etb@tempcnta=\count161
)
(/usr/share/texlive/texmf-dist/tex/latex/oberdiek/zref-abspage.sty
Package: zref-abspage 2012/04/04 v2.24 Module abspage for zref (HO)

(/usr/share/texlive/texmf-dist/tex/latex/oberdiek/zref-base.sty
Package: zref-base 2012/04/04 v2.24 Module base for zref (HO)

(/usr/share/texlive/texmf-dist/tex/generic/oberdiek/kvdefinekeys.sty
Package: kvdefinekeys 2011/04/07 v1.3 Define keys (HO)
)
(/usr/share/texlive/texmf-dist/tex/generic/oberdiek/pdftexcmds.sty
Package: pdftexcmds 2011/11/29 v0.20 Utility functions of pdfTeX for LuaTeX (HO
)
Package pdftexcmds Info: LuaTeX not detected.
Package pdftexcmds Info: \pdf@primitive is available.
Package pdftexcmds Info: \pdf@ifprimitive is available.
Package pdftexcmds Info: \pdfdraftmode found.
)
(/usr/share/texlive/texmf-dist/tex/latex/oberdiek/auxhook.sty
Package: auxhook 2011/03/04 v1.3 Hooks for auxiliary files (HO)
)
Package zref Info: New property list: main on input line 759.
Package zref Info: New property: default on input line 760.
Package zref Info: New property: page on input line 761.
)
(/usr/share/texlive/texmf-dist/tex/generic/oberdiek/atbegshi.sty
Package: atbegshi 2011/10/05 v1.16 At begin shipout hook (HO)
)
\c@abspage=\count162
Package zref Info: New property: abspage on input line 62.
)
(/usr/share/texlive/texmf-dist/tex/latex/needspace/needspace.sty
Package: needspace 2010/09/12 v1.3d reserve vertical space
)
\mdf@templength=\skip65
\c@mdf@globalstyle@cnt=\count163
\mdf@skipabove@length=\skip66
\mdf@skipbelow@length=\skip67
\mdf@leftmargin@length=\skip68
\mdf@rightmargin@length=\skip69
\mdf@innerleftmargin@length=\skip70
\mdf@innerrightmargin@length=\skip71
\mdf@innertopmargin@length=\skip72
\mdf@innerbottommargin@length=\skip73
\mdf@splittopskip@length=\skip74
\mdf@splitbottomskip@length=\skip75
\mdf@outermargin@length=\skip76
\mdf@innermargin@length=\skip77
\mdf@linewidth@length=\skip78
\mdf@innerlinewidth@length=\skip79
\mdf@middlelinewidth@length=\skip80
\mdf@outerlinewidth@length=\skip81
\mdf@roundcorner@length=\skip82
\mdf@footenotedistance@length=\skip83
\mdf@userdefinedwidth@length=\skip84
\mdf@needspace@length=\skip85
\mdf@frametitleaboveskip@length=\skip86
\mdf@frametitlebelowskip@length=\skip87
\mdf@frametitlerulewidth@length=\skip88
\mdf@frametitleleftmargin@length=\skip89
\mdf@frametitlerightmargin@length=\skip90
\mdf@shadowsize@length=\skip91
\mdf@extratopheight@length=\skip92
\mdf@subtitleabovelinewidth@length=\skip93
\mdf@subtitlebelowlinewidth@length=\skip94
\mdf@subtitleaboveskip@length=\skip95
\mdf@subtitlebelowskip@length=\skip96
\mdf@subtitleinneraboveskip@length=\skip97
\mdf@subtitleinnerbelowskip@length=\skip98
\mdf@subsubtitleabovelinewidth@length=\skip99
\mdf@subsubtitlebelowlinewidth@length=\skip100
\mdf@subsubtitleaboveskip@length=\skip101
\mdf@subsubtitlebelowskip@length=\skip102
\mdf@subsubtitleinneraboveskip@length=\skip103
\mdf@subsubtitleinnerbelowskip@length=\skip104

(/usr/share/texlive/texmf-dist/tex/latex/mdframed/md-frame-1.mdf
File: md-frame-1.mdf 2013/07/01\ 1.9b: md-frame-1
)
\mdf@frametitlebox=\box56
\mdf@footnotebox=\box57
\mdf@splitbox@one=\box58
\mdf@splitbox@two=\box59
\mdf@splitbox@save=\box60
\mdfsplitboxwidth=\skip105
\mdfsplitboxtotalwidth=\skip106
\mdfsplitboxheight=\skip107
\mdfsplitboxdepth=\skip108
\mdfsplitboxtotalheight=\skip109
\mdfframetitleboxwidth=\skip110
\mdfframetitleboxtotalwidth=\skip111
\mdfframetitleboxheight=\skip112
\mdfframetitleboxdepth=\skip113
\mdfframetitleboxtotalheight=\skip114
\mdffootnoteboxwidth=\skip115
\mdffootnoteboxtotalwidth=\skip116
\mdffootnoteboxheight=\skip117
\mdffootnoteboxdepth=\skip118
\mdffootnoteboxtotalheight=\skip119
\mdftotallinewidth=\skip120
\mdfboundingboxwidth=\skip121
\mdfboundingboxtotalwidth=\skip122
\mdfboundingboxheight=\skip123
\mdfboundingboxdepth=\skip124
\mdfboundingboxtotalheight=\skip125
\mdf@freevspace@length=\skip126
\mdf@horizontalwidthofbox@length=\skip127
\mdf@verticalmarginwhole@length=\skip128
\mdf@horizontalspaceofbox=\skip129
\mdfsubtitleheight=\skip130
\mdfsubsubtitleheight=\skip131
\c@mdfcountframes=\count164

****** mdframed patching \endmdf@trivlist

****** -- success******

.................................................
. LaTeX info: "xparse/define-command"
. 
. Defining document command \newmdtheoremenv with arg. spec. 'O{} m o m o ' on
. line 601.
.................................................
.................................................
. LaTeX info: "xparse/define-command"
. 
. Defining document command \mdtheorem with arg. spec. ' O{} m o m o ' on line
. 701.
.................................................
\mdf@envdepth=\count165
\c@mdf@env@i=\count166
\c@mdf@env@ii=\count167
\c@mdf@zref@counter=\count168
Package zref Info: New property: mdf@pagevalue on input line 895.
)
(/usr/share/texlive/texmf-dist/tex/latex/cclicenses/cclicenses.sty
Package: cclicenses 2005/05/20 v0.4 CC licenses typesetting

(/usr/share/texlive/texmf-dist/tex/latex/rotating/rotating.sty
Package: rotating 2009/03/28 v2.16a rotated objects in LaTeX
\c@r@tfl@t=\count169
\rotFPtop=\skip132
\rotFPbot=\skip133
\rot@float@box=\box61
\rot@mess@toks=\toks46
)
\chardim=\dimen201
Normal \dimen register pool exhausted, switching to extended pool.
\hdim=\dimen256
\htmp=\dimen257
\hpos=\count170
\vpos=\count171
)
(/usr/share/texlive/texmf-dist/tex/latex/url/url.sty
\Urlmuskip=\muskip17
Package: url 2013/09/16  ver 3.4  Verb mode for urls, etc.
) (./notes.aux)
\openout1 = `notes.aux'.

LaTeX Font Info:    Checking defaults for OML/cmm/m/it on input line 110.
LaTeX Font Info:    ... okay on input line 110.
LaTeX Font Info:    Checking defaults for T1/cmr/m/n on input line 110.
LaTeX Font Info:    ... okay on input line 110.
LaTeX Font Info:    Checking defaults for OT1/cmr/m/n on input line 110.
LaTeX Font Info:    ... okay on input line 110.
LaTeX Font Info:    Checking defaults for OMS/cmsy/m/n on input line 110.
LaTeX Font Info:    ... okay on input line 110.
LaTeX Font Info:    Checking defaults for OMX/cmex/m/n on input line 110.
LaTeX Font Info:    ... okay on input line 110.
LaTeX Font Info:    Checking defaults for U/cmr/m/n on input line 110.
LaTeX Font Info:    ... okay on input line 110.
LaTeX Info: Redefining \microtypecontext on input line 110.
Package microtype Info: Generating PDF output.
Package microtype Info: Character protrusion enabled (level 2).
Package microtype Info: Using default protrusion set `alltext'.
Package microtype Info: Automatic font expansion enabled (level 2),
(microtype)             stretch: 20, shrink: 20, step: 1, non-selected.
Package microtype Info: Using default expansion set `basictext'.
Package microtype Info: No adjustment of tracking.
Package microtype Info: No adjustment of interword spacing.
Package microtype Info: No adjustment of character kerning.

(/usr/share/texlive/texmf-dist/tex/latex/microtype/mt-cmr.cfg
File: mt-cmr.cfg 2013/05/19 v2.2 microtype config. file: Computer Modern Roman 
(RS)
)
Package lastpage Info: Please have a look at the pageslts package at
(lastpage)             http://www.ctan.org/tex-archive/ 
(lastpage)             macros/latex/contrib/pageslts/ 
(lastpage)             or
(lastpage)             http://www.ctan.org/tex-archive/ 
(lastpage)             install/macros/latex/contrib/pageslts.tds.zip
(lastpage)             ! on input line 110.

*geometry* driver: auto-detecting
*geometry* detected driver: pdftex
*geometry* verbose mode - [ preamble ] result:
* driver: pdftex
* paper: a4paper
* layout: <same size as paper>
* layoutoffset:(h,v)=(0.0pt,0.0pt)
* modes: 
* h-part:(L,W,R)=(85.35826pt, 426.79135pt, 85.35826pt)
* v-part:(T,H,B)=(85.35826pt, 674.33032pt, 85.35826pt)
* \paperwidth=597.50787pt
* \paperheight=845.04684pt
* \textwidth=426.79135pt
* \textheight=674.33032pt
* \oddsidemargin=13.08827pt
* \evensidemargin=13.08827pt
* \topmargin=-29.59084pt
* \headheight=28.45274pt
* \headsep=14.22636pt
* \topskip=11.0pt
* \footskip=30.0pt
* \marginparwidth=50.0pt
* \marginparsep=10.0pt
* \columnsep=10.0pt
* \skip\footins=10.0pt plus 4.0pt minus 2.0pt
* \hoffset=0.0pt
* \voffset=0.0pt
* \mag=1000
* \@twocolumnfalse
* \@twosidefalse
* \@mparswitchfalse
* \@reversemarginfalse
* (1in=72.27pt=25.4mm, 1cm=28.453pt)

ABD: EveryShipout initializing macros
(/usr/share/texlive/texmf-dist/tex/context/base/supp-pdf.mkii
[Loading MPS to PDF converter (version 2006.09.02).]
\scratchcounter=\count172
\scratchdimen=\dimen258
\scratchbox=\box62
\nofMPsegments=\count173
\nofMParguments=\count174
\everyMPshowfont=\toks47
\MPscratchCnt=\count175
\MPscratchDim=\dimen259
\MPnumerator=\count176
\makeMPintoPDFobject=\count177
\everyMPtoPDFconversion=\toks48
) (/usr/share/texlive/texmf-dist/tex/latex/oberdiek/epstopdf-base.sty
Package: epstopdf-base 2010/02/09 v2.5 Base part for package epstopdf

(/usr/share/texlive/texmf-dist/tex/latex/oberdiek/grfext.sty
Package: grfext 2010/08/19 v1.1 Manage graphics extensions (HO)
)
Package grfext Info: Graphics extension search list:
(grfext)             [.png,.pdf,.jpg,.mps,.jpeg,.jbig2,.jb2,.PNG,.PDF,.JPG,.JPE
G,.JBIG2,.JB2,.eps]
(grfext)             \AppendGraphicsExtensions on input line 452.

(/usr/share/texlive/texmf-dist/tex/latex/latexconfig/epstopdf-sys.cfg
File: epstopdf-sys.cfg 2010/07/13 v1.3 Configuration of (r)epstopdf for TeX Liv
e
))
\AtBeginShipoutBox=\box63
*geometry* verbose mode - [ newgeometry ] result:
* driver: pdftex
* paper: a4paper
* layout: <same size as paper>
* layoutoffset:(h,v)=(0.0pt,0.0pt)
* modes: 
* h-part:(L,W,R)=(28.45274pt, 398.33861pt, 170.71652pt)
* v-part:(T,H,B)=(101.40665pt, 686.7347pt, 56.9055pt)
* \paperwidth=597.50787pt
* \paperheight=845.04684pt
* \textwidth=398.33861pt
* \textheight=686.7347pt
* \oddsidemargin=-43.81725pt
* \evensidemargin=-43.81725pt
* \topmargin=-13.54245pt
* \headheight=28.45274pt
* \headsep=14.22636pt
* \topskip=11.0pt
* \footskip=30.0pt
* \marginparwidth=50.0pt
* \marginparsep=10.0pt
* \columnsep=10.0pt
* \skip\footins=10.0pt plus 4.0pt minus 2.0pt
* \hoffset=0.0pt
* \voffset=0.0pt
* \mag=1000
* \@twocolumnfalse
* \@twosidefalse
* \@mparswitchfalse
* \@reversemarginfalse
* (1in=72.27pt=25.4mm, 1cm=28.453pt)

Package microtype Info: Loading generic settings for font family
(microtype)             `cmss' (encoding: OT1).
(microtype)             For optimal results, create family-specific settings.
(microtype)             See the microtype manual for details.

[1


{/var/lib/texmf/fonts/map/pdftex/updmap/pdftex.map}] (./notes.toc
LaTeX Font Info:    Try loading font information for U+msa on input line 5.

(/usr/share/texlive/texmf-dist/tex/latex/amsfonts/umsa.fd
File: umsa.fd 2013/01/14 v3.01 AMS symbols A
)
(/usr/share/texlive/texmf-dist/tex/latex/microtype/mt-msa.cfg
File: mt-msa.cfg 2006/02/04 v1.1 microtype config. file: AMS symbols (a) (RS)
)
LaTeX Font Info:    Try loading font information for U+msb on input line 5.

(/usr/share/texlive/texmf-dist/tex/latex/amsfonts/umsb.fd
File: umsb.fd 2013/01/14 v3.01 AMS symbols B
)
(/usr/share/texlive/texmf-dist/tex/latex/microtype/mt-msb.cfg
File: mt-msb.cfg 2005/06/01 v1.0 microtype config. file: AMS symbols (b) (RS)
)
Overfull \hbox (8.53767pt too wide) has occurred while \output is active
[]
 []


Overfull \hbox (8.53767pt too wide) has occurred while \output is active
[]
 []

[1]
Overfull \hbox (8.53767pt too wide) has occurred while \output is active
[]
 []


Overfull \hbox (8.53767pt too wide) has occurred while \output is active
[]
 []

[2])
\tf@toc=\write4
\openout4 = `notes.toc'.


Overfull \hbox (8.53767pt too wide) has occurred while \output is active
[]
 []


Overfull \hbox (8.53767pt too wide) has occurred while \output is active
[]
 []

[3]
Overfull \hbox (8.53767pt too wide) has occurred while \output is active
[]
 []


Overfull \hbox (8.53767pt too wide) has occurred while \output is active
[]
 []

[4] (./styles/styles.tex
LaTeX Font Info:    Try loading font information for OMS+cmr on input line 12.

(/usr/share/texlive/texmf-dist/tex/latex/base/omscmr.fd
File: omscmr.fd 1999/05/25 v2.5h Standard LaTeX font definitions
)
LaTeX Font Info:    Font shape `OMS/cmr/m/n' in size <10.95> not available
(Font)              Font shape `OMS/cmsy/m/n' tried instead on input line 12.

Overfull \hbox (8.53767pt too wide) has occurred while \output is active
[]
 []


Overfull \hbox (8.53767pt too wide) has occurred while \output is active
[]
 []

[5]
LaTeX Font Info:    Try loading font information for OT1+pcr on input line 36.
 (/usr/share/texlive/texmf-dist/tex/latex/psnfss/ot1pcr.fd
File: ot1pcr.fd 2001/06/04 font definitions for OT1/pcr.
)
Package microtype Info: Loading generic settings for font family
(microtype)             `pcr' (encoding: OT1).
(microtype)             For optimal results, create family-specific settings.
(microtype)             See the microtype manual for details.

Overfull \hbox (8.53767pt too wide) has occurred while \output is active
[]
 []


Overfull \hbox (8.53767pt too wide) has occurred while \output is active
[]
 []

[6]
Overfull \hbox (8.53767pt too wide) has occurred while \output is active
[]
 []


Overfull \hbox (8.53767pt too wide) has occurred while \output is active
[]
 []

[7]
Overfull \hbox (8.53767pt too wide) has occurred while \output is active
[]
 []


Overfull \hbox (8.53767pt too wide) has occurred while \output is active
[]
 []

[8]
Overfull \hbox (8.53767pt too wide) has occurred while \output is active
[]
 []


Overfull \hbox (8.53767pt too wide) has occurred while \output is active
[]
 []

[9]
Overfull \hbox (8.53767pt too wide) has occurred while \output is active
[]
 []


Overfull \hbox (8.53767pt too wide) has occurred while \output is active
[]
 []

[10]) (./graphics/intro.tex
Overfull \hbox (8.53767pt too wide) has occurred while \output is active
[]
 []


Overfull \hbox (8.53767pt too wide) has occurred while \output is active
[]
 []

[11]
Overfull \hbox (8.53767pt too wide) has occurred while \output is active
[]
 []


Overfull \hbox (8.53767pt too wide) has occurred while \output is active
[]
 []

[12] <./images/raster.png, id=55, 622.325pt x 301.125pt>
File: ./images/raster.png Graphic file (type png)

<use ./images/raster.png>
Package pdftex.def Info: ./images/raster.png used on input line 48.
(pdftex.def)             Requested size: 466.7426pt x 225.84319pt.
 <./images/painter.png, id=56, 722.7pt x 313.17pt>
File: ./images/painter.png Graphic file (type png)

<use ./images/painter.png>
Package pdftex.def Info: ./images/painter.png used on input line 63.
(pdftex.def)             Requested size: 542.02367pt x 234.8769pt.

Overfull \hbox (8.53767pt too wide) has occurred while \output is active
[]
 []


Overfull \hbox (8.53767pt too wide) has occurred while \output is active
[]
 []

[13 <./images/raster.png>]
<./images/raytrace.png, id=60, 773.89125pt x 324.21124pt>
File: ./images/raytrace.png Graphic file (type png)

<use ./images/raytrace.png>
Package pdftex.def Info: ./images/raytrace.png used on input line 72.
(pdftex.def)             Requested size: 580.417pt x 243.15784pt.

Overfull \hbox (8.53767pt too wide) has occurred while \output is active
[]
 []


Overfull \hbox (8.53767pt too wide) has occurred while \output is active
[]
 []

[14 <./images/painter.png> <./images/raytrace.png>]
<./images/shadow.png, id=64, 583.17876pt x 398.48875pt>
File: ./images/shadow.png Graphic file (type png)

<use ./images/shadow.png>
Package pdftex.def Info: ./images/shadow.png used on input line 91.
(pdftex.def)             Requested size: 437.383pt x 298.86583pt.

Overfull \hbox (8.53767pt too wide) has occurred while \output is active
[]
 []


Overfull \hbox (8.53767pt too wide) has occurred while \output is active
[]
 []

[15 <./images/shadow.png>]
Overfull \hbox (77.52856pt too wide) in paragraph at lines 104--105
[]\OT1/cmr/m/n/10.95 (-20) See: $\OT1/pcr/m/n/10.95 http : / / people . csail .
 mit . edu / fredo / Depiction / 1 _ Introduction / reviewGraphics .
 []


Overfull \hbox (18.36601pt too wide) in paragraph at lines 112--113
[]\OT1/cmr/m/n/10.95 (-20) We have to mul-tiply matrices $((0\OML/cmm/m/it/10.9
5 ; \OMS/cmsy/m/n/10.95 ^^@\OT1/cmr/m/n/10.95 (-20) 1\OML/cmm/m/it/10.95 ; \OT1
/cmr/m/n/10.95 (-20) 0)\OML/cmm/m/it/10.95 ; \OT1/cmr/m/n/10.95 (-20) (1\OML/cm
m/m/it/10.95 ; \OT1/cmr/m/n/10.95 (-20) 0\OML/cmm/m/it/10.95 ; \OT1/cmr/m/n/10.
95 (-20) 0)\OML/cmm/m/it/10.95 ; \OT1/cmr/m/n/10.95 (-20) (0\OML/cmm/m/it/10.95
 ; \OT1/cmr/m/n/10.95 (-20) 0\OML/cmm/m/it/10.95 ; \OT1/cmr/m/n/10.95 (-20) 1))
$ and $((0\OML/cmm/m/it/10.95 ; \OMS/cmsy/m/n/10.95 ^^@\OT1/cmr/m/n/10.95 (-20)
 1\OML/cmm/m/it/10.95 ; \OT1/cmr/m/n/10.95 (-20) 1)\OML/cmm/m/it/10.95 ; \OT1/c
mr/m/n/10.95 (-20) (1\OML/cmm/m/it/10.95 ; \OT1/cmr/m/n/10.95 (-20) 0\OML/cmm/m
/it/10.95 ; \OT1/cmr/m/n/10.95 (-20) 2)\OML/cmm/m/it/10.95 ; \OT1/cmr/m/n/10.95
 (-20) (0\OML/cmm/m/it/10.95 ; \OT1/cmr/m/n/10.95 (-20) 0\OML/cmm/m/it/10.95 ; 
\OT1/cmr/m/n/10.95 (-20) 1))$. 
 []

) (./vision/vision.tex
<./images/triangle.png, id=68, 268.00125pt x 286.06876pt>
File: ./images/triangle.png Graphic file (type png)

<use ./images/triangle.png>
Package pdftex.def Info: ./images/triangle.png used on input line 11.
(pdftex.def)             Requested size: 147.40112pt x 157.3383pt.

Overfull \hbox (8.53767pt too wide) has occurred while \output is active
[]
 []


Overfull \hbox (8.53767pt too wide) has occurred while \output is active
[]
 []

[16] <./images/oeil.png, id=74, 614.295pt x 453.695pt>
File: ./images/oeil.png Graphic file (type png)
 <use ./images/oeil.png>
Package pdftex.def Info: ./images/oeil.png used on input line 21.
(pdftex.def)             Requested size: 337.86328pt x 249.53302pt.

Overfull \hbox (8.53767pt too wide) has occurred while \output is active
[]
 []


Overfull \hbox (8.53767pt too wide) has occurred while \output is active
[]
 []

[17 <./images/triangle.png> <./images/oeil.png>]
<./images/fixation.png, id=78, 534.99875pt x 247.92625pt>
File: ./images/fixation.png Graphic file (type png)

<use ./images/fixation.png>
Package pdftex.def Info: ./images/fixation.png used on input line 45.
(pdftex.def)             Requested size: 294.25021pt x 136.35985pt.

Overfull \hbox (8.53767pt too wide) has occurred while \output is active
[]
 []


Overfull \hbox (8.53767pt too wide) has occurred while \output is active
[]
 []

[18 <./images/fixation.png>]
<./images/stroop.png, id=83, 445.665pt x 169.63374pt>
File: ./images/stroop.png Graphic file (type png)

<use ./images/stroop.png>
Package pdftex.def Info: ./images/stroop.png used on input line 80.
(pdftex.def)             Requested size: 245.1165pt x 93.29883pt.

Overfull \hbox (8.53767pt too wide) has occurred while \output is active
[]
 []


Overfull \hbox (8.53767pt too wide) has occurred while \output is active
[]
 []

[19]
Overfull \hbox (8.53767pt too wide) has occurred while \output is active
[]
 []


Overfull \hbox (8.53767pt too wide) has occurred while \output is active
[]
 []

[20 <./images/stroop.png>]
<./images/cites.png, id=90, 805.0075pt x 534.99875pt>
File: ./images/cites.png Graphic file (type png)
 <use ./images/cites.png>
Package pdftex.def Info: ./images/cites.png used on input line 123.
(pdftex.def)             Requested size: 281.75685pt x 187.25237pt.

Overfull \hbox (8.53767pt too wide) has occurred while \output is active
[]
 []


Overfull \hbox (8.53767pt too wide) has occurred while \output is active
[]
 []

[21 <./images/cites.png>]
<./images/elephant.png, id=94, 590.205pt x 539.01375pt>
File: ./images/elephant.png Graphic file (type png)

<use ./images/elephant.png>
Package pdftex.def Info: ./images/elephant.png used on input line 132.
(pdftex.def)             Requested size: 206.57484pt x 188.65762pt.

<./images/amorce.png, id=95, 803.0pt x 589.20125pt>
File: ./images/amorce.png Graphic file (type png)
 <use ./images/amorce.png>
Package pdftex.def Info: ./images/amorce.png used on input line 141.
(pdftex.def)             Requested size: 281.05421pt x 206.22351pt.

Overfull \hbox (8.53767pt too wide) has occurred while \output is active
[]
 []


Overfull \hbox (8.53767pt too wide) has occurred while \output is active
[]
 []

[22 <./images/elephant.png>]
<./images/kinetic.png, id=99, 505.89pt x 351.3125pt>
File: ./images/kinetic.png Graphic file (type png)

<use ./images/kinetic.png>
Package pdftex.def Info: ./images/kinetic.png used on input line 167.
(pdftex.def)             Requested size: 177.06415pt x 122.96121pt.

Overfull \hbox (8.53767pt too wide) has occurred while \output is active
[]
 []


Overfull \hbox (8.53767pt too wide) has occurred while \output is active
[]
 []

[23 <./images/amorce.png>]
<./images/occlusion.png, id=103, 448.67625pt x 306.14375pt>
File: ./images/occlusion.png Graphic file (type png)

<use ./images/occlusion.png>
Package pdftex.def Info: ./images/occlusion.png used on input line 176.
(pdftex.def)             Requested size: 157.03903pt x 107.1519pt.

Overfull \hbox (8.53767pt too wide) has occurred while \output is active
[]
 []


Overfull \hbox (8.53767pt too wide) has occurred while \output is active
[]
 []

[24 <./images/kinetic.png> <./images/occlusion.png>]
<./images/splitbrain.png, id=108, 984.67876pt x 418.56375pt>
File: ./images/splitbrain.png Graphic file (type png)

<use ./images/splitbrain.png>
Package pdftex.def Info: ./images/splitbrain.png used on input line 203.
(pdftex.def)             Requested size: 344.64273pt x 146.4995pt.

Overfull \hbox (8.53767pt too wide) has occurred while \output is active
[]
 []


Overfull \hbox (8.53767pt too wide) has occurred while \output is active
[]
 []

[25 <./images/splitbrain.png>]) (./styles/cognition.tex
Overfull \hbox (8.53767pt too wide) has occurred while \output is active
[]
 []


Overfull \hbox (8.53767pt too wide) has occurred while \output is active
[]
 []

[26] <./images/dual.png, id=115, 718.685pt x 526.96875pt>
File: ./images/dual.png Graphic file (type png)

<use ./images/dual.png>
Package pdftex.def Info: ./images/dual.png used on input line 31.
(pdftex.def)             Requested size: 251.54352pt x 184.44182pt.
 <./images/prof.png, id=116, 458.71375pt x 481.8pt>
File: ./images/prof.png Graphic file (type png)

<use ./images/prof.png>
Package pdftex.def Info: ./images/prof.png used on input line 40.
(pdftex.def)             Requested size: 160.55222pt x 168.63252pt.

Overfull \hbox (8.53767pt too wide) has occurred while \output is active
[]
 []


Overfull \hbox (8.53767pt too wide) has occurred while \output is active
[]
 []

[27 <./images/dual.png> <./images/prof.png>]
<./images/structure.png, id=120, 653.44125pt x 410.53375pt>
File: ./images/structure.png Graphic file (type png)

<use ./images/structure.png>
Package pdftex.def Info: ./images/structure.png used on input line 55.
(pdftex.def)             Requested size: 228.70786pt x 143.68896pt.

Overfull \hbox (8.53767pt too wide) has occurred while \output is active
[]
 []


Overfull \hbox (8.53767pt too wide) has occurred while \output is active
[]
 []

[28 <./images/structure.png>]
<./images/semantique.png, id=124, 588.1975pt x 326.21875pt>
File: ./images/semantique.png Graphic file (type png)

<use ./images/semantique.png>
Package pdftex.def Info: ./images/semantique.png used on input line 81.
(pdftex.def)             Requested size: 205.87221pt x 114.17827pt.

<./images/principes.png, id=125, 609.27625pt x 438.63875pt>
File: ./images/principes.png Graphic file (type png)

<use ./images/principes.png>
Package pdftex.def Info: ./images/principes.png used on input line 96.
(pdftex.def)             Requested size: 213.24988pt x 153.52585pt.

Overfull \hbox (8.53767pt too wide) has occurred while \output is active
[]
 []


Overfull \hbox (8.53767pt too wide) has occurred while \output is active
[]
 []

[29 <./images/semantique.png>]
<./images/exercise3.png, id=129, 827.09pt x 445.665pt>
File: ./images/exercise3.png Graphic file (type png)

<use ./images/exercise3.png>
Package pdftex.def Info: ./images/exercise3.png used on input line 106.
(pdftex.def)             Requested size: 454.9009pt x 245.1165pt.
) (./vision/visualisation.tex
Overfull \hbox (8.53767pt too wide) has occurred while \output is active
[]
 []


Overfull \hbox (8.53767pt too wide) has occurred while \output is active
[]
 []

[30 <./images/principes.png> <./images/exercise3.png>]
Overfull \hbox (8.53767pt too wide) has occurred while \output is active
[]
 []


Overfull \hbox (8.53767pt too wide) has occurred while \output is active
[]
 []

[31]
Overfull \hbox (8.53767pt too wide) has occurred while \output is active
[]
 []


Overfull \hbox (8.53767pt too wide) has occurred while \output is active
[]
 []

[32] <./images/exercise1.png, id=140, 1136.245pt x 643.40375pt>
File: ./images/exercise1.png Graphic file (type png)

<use ./images/exercise1.png>
Package pdftex.def Info: ./images/exercise1.png used on input line 78.
(pdftex.def)             Requested size: 397.6917pt x 225.19469pt.

Overfull \hbox (8.53767pt too wide) has occurred while \output is active
[]
 []


Overfull \hbox (8.53767pt too wide) has occurred while \output is active
[]
 []

[33]) (./styles/jeux.tex
Overfull \hbox (8.53767pt too wide) has occurred while \output is active
[]
 []


Overfull \hbox (8.53767pt too wide) has occurred while \output is active
[]
 []

[34 <./images/exercise1.png>]
Overfull \hbox (15.47716pt too wide) in paragraph at lines 17--18
\OT1/cmr/m/n/10.95 (-20) On ap-pelle "game mech-an-ics" l'ensemble des m^^Setho
des ou r^^Regles qui per-mettent d'interactionner
 []

<./images/uncanny.png, id=147, 590.205pt x 455.7025pt>
File: ./images/uncanny.png Graphic file (type png)

<use ./images/uncanny.png>
Package pdftex.def Info: ./images/uncanny.png used on input line 37.
(pdftex.def)             Requested size: 324.61375pt x 250.63713pt.

Overfull \hbox (8.53767pt too wide) has occurred while \output is active
[]
 []


Overfull \hbox (8.53767pt too wide) has occurred while \output is active
[]
 []

[35]
Overfull \hbox (8.53767pt too wide) has occurred while \output is active
[]
 []


Overfull \hbox (8.53767pt too wide) has occurred while \output is active
[]
 []

[36 <./images/uncanny.png>]
Overfull \hbox (8.53767pt too wide) has occurred while \output is active
[]
 []


Overfull \hbox (8.53767pt too wide) has occurred while \output is active
[]
 []

[37] <./images/mutuel.png, id=158, 598.235pt x 620.3175pt>
File: ./images/mutuel.png Graphic file (type png)

<use ./images/mutuel.png>
Package pdftex.def Info: ./images/mutuel.png used on input line 137.
(pdftex.def)             Requested size: 329.03026pt x 341.17569pt.

Overfull \hbox (8.53767pt too wide) has occurred while \output is active
[]
 []


Overfull \hbox (8.53767pt too wide) has occurred while \output is active
[]
 []

[38]
Overfull \hbox (8.53767pt too wide) has occurred while \output is active
[]
 []


Overfull \hbox (8.53767pt too wide) has occurred while \output is active
[]
 []

[39 <./images/mutuel.png>]
<./images/flow.png, id=165, 588.1975pt x 571.13374pt>
File: ./images/flow.png Graphic file (type png)
 <use ./images/flow.png>
Package pdftex.def Info: ./images/flow.png used on input line 183.
(pdftex.def)             Requested size: 323.50961pt x 314.12453pt.

Overfull \hbox (8.53767pt too wide) has occurred while \output is active
[]
 []


Overfull \hbox (8.53767pt too wide) has occurred while \output is active
[]
 []

[40] <./images/exercise2.png, id=169, 1098.1025pt x 600.2425pt>
File: ./images/exercise2.png Graphic file (type png)

<use ./images/exercise2.png>
Package pdftex.def Info: ./images/exercise2.png used on input line 196.
(pdftex.def)             Requested size: 603.95824pt x 330.13438pt.

Overfull \hbox (8.53767pt too wide) has occurred while \output is active
[]
 []


Overfull \hbox (8.53767pt too wide) has occurred while \output is active
[]
 []

[41 <./images/flow.png>]) (./graphics/edge.tex
Overfull \hbox (8.53767pt too wide) has occurred while \output is active
[]
 []


Overfull \hbox (8.53767pt too wide) has occurred while \output is active
[]
 []

[42 <./images/exercise2.png>]
Overfull \hbox (8.53767pt too wide) has occurred while \output is active
[]
 []


Overfull \hbox (8.53767pt too wide) has occurred while \output is active
[]
 []

[43]
Overfull \hbox (8.53767pt too wide) has occurred while \output is active
[]
 []


Overfull \hbox (8.53767pt too wide) has occurred while \output is active
[]
 []

[44]
Overfull \hbox (8.53767pt too wide) has occurred while \output is active
[]
 []


Overfull \hbox (8.53767pt too wide) has occurred while \output is active
[]
 []

[45]) (./graphics/shape.tex
Overfull \hbox (8.53767pt too wide) has occurred while \output is active
[]
 []


Overfull \hbox (8.53767pt too wide) has occurred while \output is active
[]
 []

[46] <./images/polar.png, id=190, 560.0925pt x 391.4625pt>
File: ./images/polar.png Graphic file (type png)

<use ./images/polar.png>
Package pdftex.def Info: ./images/polar.png used on input line 25.
(pdftex.def)             Requested size: 196.03531pt x 137.01392pt.

Overfull \hbox (8.53767pt too wide) has occurred while \output is active
[]
 []


Overfull \hbox (8.53767pt too wide) has occurred while \output is active
[]
 []

[47 <./images/polar.png>] <./images/hsv.png, id=194, 357.335pt x 271.0125pt>
File: ./images/hsv.png Graphic file (type png)

<use ./images/hsv.png>
Package pdftex.def Info: ./images/hsv.png used on input line 80.
(pdftex.def)             Requested size: 125.06912pt x 94.85579pt.

Overfull \hbox (8.53767pt too wide) has occurred while \output is active
[]
 []


Overfull \hbox (8.53767pt too wide) has occurred while \output is active
[]
 []

[48]
Underfull \hbox (badness 10000) in paragraph at lines 91--96

 []


Overfull \hbox (8.53767pt too wide) has occurred while \output is active
[]
 []


Overfull \hbox (8.53767pt too wide) has occurred while \output is active
[]
 []

[49 <./images/hsv.png>]
<./images/exercise51.png, id=205, 749.80125pt x 413.545pt>
File: ./images/exercise51.png Graphic file (type png)

<use ./images/exercise51.png>
Package pdftex.def Info: ./images/exercise51.png used on input line 130.
(pdftex.def)             Requested size: 262.43437pt x 144.7429pt.

<./images/exercise52.png, id=206, 738.76pt x 296.10625pt>
File: ./images/exercise52.png Graphic file (type png)

<use ./images/exercise52.png>
Package pdftex.def Info: ./images/exercise52.png used on input line 137.
(pdftex.def)             Requested size: 258.56987pt x 103.63873pt.
) (./vision/usability.tex
Overfull \hbox (8.53767pt too wide) has occurred while \output is active
[]
 []


Overfull \hbox (8.53767pt too wide) has occurred while \output is active
[]
 []

[50 <./images/exercise51.png> <./images/exercise52.png>]
Overfull \hbox (8.53767pt too wide) has occurred while \output is active
[]
 []


Overfull \hbox (8.53767pt too wide) has occurred while \output is active
[]
 []

[51]
Overfull \hbox (8.53767pt too wide) has occurred while \output is active
[]
 []


Overfull \hbox (8.53767pt too wide) has occurred while \output is active
[]
 []

[52]
Overfull \hbox (8.53767pt too wide) has occurred while \output is active
[]
 []


Overfull \hbox (8.53767pt too wide) has occurred while \output is active
[]
 []

[53]
Overfull \hbox (12.57016pt too wide) in paragraph at lines 124--125
[]\OT1/cmr/m/n/10.95 (-20) Est-ce que les sujets ^^Setaient in-form^^Ses du but
 de l'exp^^Serience? Est-ce que l'exp^^Serimentateur
 []


Overfull \hbox (8.53767pt too wide) has occurred while \output is active
[]
 []


Overfull \hbox (8.53767pt too wide) has occurred while \output is active
[]
 []

[54]
Overfull \hbox (8.53767pt too wide) has occurred while \output is active
[]
 []


Overfull \hbox (8.53767pt too wide) has occurred while \output is active
[]
 []

[55] <./images/exercise4.png, id=227, 830.10126pt x 449.68pt>
File: ./images/exercise4.png Graphic file (type png)

<use ./images/exercise4.png>
Package pdftex.def Info: ./images/exercise4.png used on input line 174.
(pdftex.def)             Requested size: 456.55711pt x 247.32475pt.
) (./vision/eye.tex
Overfull \hbox (8.53767pt too wide) has occurred while \output is active
[]
 []


Overfull \hbox (8.53767pt too wide) has occurred while \output is active
[]
 []

[56 <./images/exercise4.png>]
<./images/electro.png, id=231, 370.38374pt x 319.1925pt>
File: ./images/electro.png Graphic file (type png)

<use ./images/electro.png>
Package pdftex.def Info: ./images/electro.png used on input line 20.
(pdftex.def)             Requested size: 203.71169pt x 175.55641pt.

Overfull \hbox (8.53767pt too wide) has occurred while \output is active
[]
 []


Overfull \hbox (8.53767pt too wide) has occurred while \output is active
[]
 []

[57 <./images/electro.png>]
Overfull \hbox (10.14201pt too wide) in paragraph at lines 44--45
[]\OT1/cmr/m/n/10.95 (-20) Recherche: per-cep-tion, cog-ni-tion, education,...E
st-ce que montrer la main de l'enseignant
 []

<./images/cross.png, id=235, 623.32875pt x 305.14pt>
File: ./images/cross.png Graphic file (type png)
 <use ./images/cross.png>
Package pdftex.def Info: ./images/cross.png used on input line 56.
(pdftex.def)             Requested size: 342.83186pt x 167.8275pt.

<./images/experience.png, id=236, 787.94376pt x 282.05376pt>
File: ./images/experience.png Graphic file (type png)

<use ./images/experience.png>
Package pdftex.def Info: ./images/experience.png used on input line 65.
(pdftex.def)             Requested size: 433.3704pt x 155.13004pt.

Overfull \hbox (8.53767pt too wide) has occurred while \output is active
[]
 []


Overfull \hbox (8.53767pt too wide) has occurred while \output is active
[]
 []

[58 <./images/cross.png>]
<./images/exercise5.png, id=240, 821.0675pt x 329.23pt>
File: ./images/exercise5.png Graphic file (type png)

<use ./images/exercise5.png>
Package pdftex.def Info: ./images/exercise5.png used on input line 84.
(pdftex.def)             Requested size: 451.58853pt x 181.07706pt.

Overfull \hbox (8.53767pt too wide) has occurred while \output is active
[]
 []


Overfull \hbox (8.53767pt too wide) has occurred while \output is active
[]
 []

[59 <./images/experience.png>]) (./graphics/homography.tex
<./images/pinhole.png, id=244, 760.8425pt x 230.8625pt>
File: ./images/pinhole.png Graphic file (type png)

<use ./images/pinhole.png>
Package pdftex.def Info: ./images/pinhole.png used on input line 13.
(pdftex.def)             Requested size: 570.63048pt x 173.14644pt.

Overfull \hbox (8.53767pt too wide) has occurred while \output is active
[]
 []


Overfull \hbox (8.53767pt too wide) has occurred while \output is active
[]
 []

[60 <./images/exercise5.png> <./images/pinhole.png>]
Overfull \hbox (8.53767pt too wide) has occurred while \output is active
[]
 []


Overfull \hbox (8.53767pt too wide) has occurred while \output is active
[]
 []

[61] <./images/mosaic.png, id=253, 557.08125pt x 423.5825pt>
File: ./images/mosaic.png Graphic file (type png)

<use ./images/mosaic.png>
Package pdftex.def Info: ./images/mosaic.png used on input line 54.
(pdftex.def)             Requested size: 417.80992pt x 317.6861pt.

<./images/principle.png, id=254, 579.16376pt x 211.79124pt>
File: ./images/principle.png Graphic file (type png)

<use ./images/principle.png>
Package pdftex.def Info: ./images/principle.png used on input line 64.
(pdftex.def)             Requested size: 318.54105pt x 116.48553pt.

Overfull \hbox (8.53767pt too wide) has occurred while \output is active
[]
 []


Overfull \hbox (8.53767pt too wide) has occurred while \output is active
[]
 []

[62 <./images/mosaic.png> <./images/principle.png>]
<./images/distort.png, id=258, 870.25125pt x 512.91624pt>
File: ./images/distort.png Graphic file (type png)

<use ./images/distort.png>
Package pdftex.def Info: ./images/distort.png used on input line 79.
(pdftex.def)             Requested size: 478.63966pt x 282.1048pt.
) 
AED: lastpage setting LastPage

Overfull \hbox (8.53767pt too wide) has occurred while \output is active
[]
 []


Overfull \hbox (8.53767pt too wide) has occurred while \output is active
[]
 []

[63 <./images/distort.png>] (./notes.aux) ) 
Here is how much of TeX's memory you used:
 21479 strings out of 493304
 401202 string characters out of 6139871
 496793 words of memory out of 5000000
 24292 multiletter control sequences out of 15000+600000
 14824 words of font info for 92 fonts, out of 8000000 for 9000
 957 hyphenation exceptions out of 8191
 62i,12n,63p,10442b,1065s stack positions out of 5000i,500n,10000p,200000b,80000s
{/usr/share/texlive/texmf-dist/fonts
/enc/dvips/base/8r.enc}</usr/share/texlive/texmf-dist/fonts/type1/public/amsfon
ts/cm/cmbx10.pfb></usr/share/texlive/texmf-dist/fonts/type1/public/amsfonts/cm/
cmbx12.pfb></usr/share/texlive/texmf-dist/fonts/type1/public/amsfonts/cm/cmcsc1
0.pfb></usr/share/texlive/texmf-dist/fonts/type1/public/amsfonts/cm/cmex10.pfb>
</usr/share/texlive/texmf-dist/fonts/type1/public/amsfonts/cm/cmmi10.pfb></usr/
share/texlive/texmf-dist/fonts/type1/public/amsfonts/cm/cmmi8.pfb></usr/share/t
exlive/texmf-dist/fonts/type1/public/amsfonts/cm/cmr10.pfb></usr/share/texlive/
texmf-dist/fonts/type1/public/amsfonts/cm/cmr12.pfb></usr/share/texlive/texmf-d
ist/fonts/type1/public/amsfonts/cm/cmr6.pfb></usr/share/texlive/texmf-dist/font
s/type1/public/amsfonts/cm/cmr8.pfb></usr/share/texlive/texmf-dist/fonts/type1/
public/amsfonts/cm/cmssbx10.pfb></usr/share/texlive/texmf-dist/fonts/type1/publ
ic/amsfonts/cm/cmsy10.pfb></usr/share/texlive/texmf-dist/fonts/type1/public/ams
fonts/cm/cmsy8.pfb></usr/share/texlive/texmf-dist/fonts/type1/public/amsfonts/s
ymbols/msbm10.pfb></usr/share/texlive/texmf-dist/fonts/type1/urw/courier/ucrr8a
.pfb>
Output written on notes.pdf (64 pages, 5708014 bytes).
PDF statistics:
 313 PDF objects out of 1000 (max. 8388607)
 192 compressed objects within 2 object streams
 0 named destinations out of 1000 (max. 500000)
 13003 words of extra memory for PDF output out of 14400 (max. 10000000)

